Flutter crash report.
Please report a bug at https://github.com/flutter/flutter/issues.

## command

flutter run

## exception

StateError: Bad state: No element

```
#0      Stream.first.<anonymous closure> (dart:async/stream.dart:1654:11)
#1      _rootRun (dart:async/zone.dart:1517:47)
#2      _CustomZone.run (dart:async/zone.dart:1422:19)
#3      _CustomZone.runGuarded (dart:async/zone.dart:1321:7)
#4      _BufferingStreamSubscription._sendDone.sendDone (dart:async/stream_impl.dart:434:13)
#5      _BufferingStreamSubscription._sendDone (dart:async/stream_impl.dart:444:7)
#6      _BufferingStreamSubscription._close (dart:async/stream_impl.dart:333:7)
#7      _SyncBroadcastStreamController._sendDone.<anonymous closure> (dart:async/broadcast_stream_controller.dart:411:22)
#8      _BroadcastStreamController._forEachListener (dart:async/broadcast_stream_controller.dart:333:15)
#9      _SyncBroadcastStreamController._sendDone (dart:async/broadcast_stream_controller.dart:410:7)
#10     _BroadcastStreamController.close (dart:async/broadcast_stream_controller.dart:274:5)
#11     _AsBroadcastStreamController.close (dart:async/broadcast_stream_controller.dart:522:24)
#12     _rootRun (dart:async/zone.dart:1517:47)
#13     _CustomZone.run (dart:async/zone.dart:1422:19)
#14     _CustomZone.runGuarded (dart:async/zone.dart:1321:7)
#15     _BufferingStreamSubscription._sendDone.sendDone (dart:async/stream_impl.dart:434:13)
#16     _BufferingStreamSubscription._sendDone (dart:async/stream_impl.dart:444:7)
#17     _BufferingStreamSubscription._close (dart:async/stream_impl.dart:333:7)
#18     _SinkTransformerStreamSubscription._close (dart:async/stream_transformers.dart:91:11)
#19     _EventSinkWrapper.close (dart:async/stream_transformers.dart:21:11)
#20     _StringAdapterSink.close (dart:convert/string_conversion.dart:241:11)
#21     _Utf8ConversionSink.close (dart:convert/string_conversion.dart:301:20)
#22     _ErrorHandlingAsciiDecoderSink.close (dart:convert/ascii.dart:268:15)
#23     _ConverterStreamEventSink.close (dart:convert/chunked_conversion.dart:79:18)
#24     _SinkTransformerStreamSubscription._handleDone (dart:async/stream_transformers.dart:136:24)
#25     _rootRun (dart:async/zone.dart:1517:47)
#26     _CustomZone.run (dart:async/zone.dart:1422:19)
#27     _CustomZone.runGuarded (dart:async/zone.dart:1321:7)
#28     _BufferingStreamSubscription._sendDone.sendDone (dart:async/stream_impl.dart:434:13)
#29     _BufferingStreamSubscription._sendDone (dart:async/stream_impl.dart:444:7)
#30     _BufferingStreamSubscription._close (dart:async/stream_impl.dart:333:7)
#31     _SyncStreamControllerDispatch._sendDone (dart:async/stream_controller.dart:806:19)
#32     _StreamController._closeUnchecked (dart:async/stream_controller.dart:652:7)
#33     _StreamController.close (dart:async/stream_controller.dart:645:5)
#34     _Socket._onData (dart:io-patch/socket_patch.dart:2911:21)
#35     _rootRunUnary (dart:async/zone.dart:1546:13)
#36     _CustomZone.runUnary (dart:async/zone.dart:1429:19)
#37     _CustomZone.runUnaryGuarded (dart:async/zone.dart:1329:7)
#38     _BufferingStreamSubscription._sendData (dart:async/stream_impl.dart:381:11)
#39     _BufferingStreamSubscription._add (dart:async/stream_impl.dart:312:7)
#40     _SyncStreamControllerDispatch._sendData (dart:async/stream_controller.dart:798:19)
#41     _StreamController._add (dart:async/stream_controller.dart:663:7)
#42     _StreamController.add (dart:async/stream_controller.dart:618:5)
#43     new _RawSocket.<anonymous closure> (dart:io-patch/socket_patch.dart:2330:33)
#44     _NativeSocket.issueReadEvent.issue (dart:io-patch/socket_patch.dart:1639:18)
#45     _microtaskLoop (dart:async/schedule_microtask.dart:40:21)
#46     _startMicrotaskLoop (dart:async/schedule_microtask.dart:49:5)
#47     _runPendingImmediateCallback (dart:isolate-patch/isolate_patch.dart:128:13)
#48     _RawReceivePort._handleMessage (dart:isolate-patch/isolate_patch.dart:195:5)
```

## flutter doctor

```
[!] Flutter (Channel stable, 3.29.3, on Microsoft Windows [Version 10.0.26100.3624], locale he-IL)
    [291ms]
    • Flutter version 3.29.3 on channel stable at C:\src\flutter
    ! The flutter binary is not on your path. Consider adding C:\src\flutter\bin to your path.
    ! The dart binary is not on your path. Consider adding C:\src\flutter\bin to your path.
    • Upstream repository https://github.com/flutter/flutter.git
    • Framework revision ea121f8859 (), 2025-04-11 19:10:07 +0000
    • Engine revision cf56914b32
    • Dart version 3.7.2
    • DevTools version 2.42.3
    • If those were intentional, you can disregard the above warnings; however it is recommended to
      use "git" directly to perform update checks and upgrades.

[!] Windows Version (Problem detected with Windows installation) [404ms]
    ! Get-Process failed to complete

[!] Android toolchain - develop for Android devices (Android SDK version 35.0.0) [206ms]
    • Android SDK at C:\Users\Or\AppData\Local\Android\sdk
    • Platform android-35, build-tools 35.0.0
    ✗ No Java Development Kit (JDK) found; You must have the environment variable JAVA_HOME set and
      the java binary in your PATH. You can download the JDK from
      https://www.oracle.com/technetwork/java/javase/downloads/.

[✓] Chrome - develop for the web [179ms]
    • Chrome at C:\Program Files\Google\Chrome\Application\chrome.exe

[✗] Visual Studio - develop Windows apps [177ms]
    ✗ Visual Studio not installed; this is necessary to develop Windows apps.
      Download at https://visualstudio.microsoft.com/downloads/.
      Please install the "Desktop development with C++" workload, including all of its default
      components

[!] Android Studio (version 2024.2) [9ms]
    • Android Studio at C:\Program Files\Android\Android Studio
    • Flutter plugin can be installed from:
      🔨 https://plugins.jetbrains.com/plugin/9212-flutter
    • Dart plugin can be installed from:
      🔨 https://plugins.jetbrains.com/plugin/6351-dart
    ✗ Unable to determine bundled Java version.
    • Try updating or re-installing Android Studio.

[✓] VS Code (version 1.99.0) [7ms]
    • VS Code at C:\Users\Or\AppData\Local\Programs\Microsoft VS Code
    • Flutter extension version 3.108.0

[☠] Connected device (the doctor check crashed)
    ✗ Due to an error, the doctor check did not complete. If the error message below is not helpful,
      please let us know about this issue at https://github.com/flutter/flutter/issues.
    ✗ Error: Unable to run "adb", check your Android SDK installation and ANDROID_HOME environment
      variable: C:\Users\Or\AppData\Local\Android\sdk\platform-tools\adb.exe
      Error details: Process exited abnormally with exit code -1073741502:

    • #0      throwToolExit (package:flutter_tools/src/base/common.dart:34:3)
      #1      AndroidDevices.pollingGetDevices
      (package:flutter_tools/src/android/android_device_discovery.dart:75:7)
      <asynchronous suspension>
      #2      PollingDeviceDiscovery._populateDevices (package:flutter_tools/src/device.dart:531:36)
      <asynchronous suspension>
      #3      Future.wait.<anonymous closure> (dart:async/future.dart:528:21)
      <asynchronous suspension>
      #4      DeviceManager.refreshAllDevices (package:flutter_tools/src/device.dart:201:40)
      <asynchronous suspension>
      #5      DeviceValidator.validateImpl (package:flutter_tools/src/doctor.dart:770:34)
      <asynchronous suspension>
      #6      DoctorValidator.validate (package:flutter_tools/src/doctor_validator.dart:58:37)
      <asynchronous suspension>
      #7      Future.any.onValue (dart:async/future.dart:623:5)
      <asynchronous suspension>


[✓] Network resources [1,027ms]
    • All expected network resources are available.

! Doctor found issues in 6 categories.
```
